DEBUG main org.apache.http.impl.conn.BasicClientConnectionManager - Get connection for route {}->http://localhost:8080
DEBUG main org.apache.http.impl.conn.DefaultClientConnectionOperator - Connecting to localhost:8080
DEBUG main org.apache.http.client.protocol.RequestAddCookies - CookieSpec selected: ignoreCookies
DEBUG main org.apache.http.client.protocol.RequestAuthCache - Auth cache not set in the context
DEBUG main org.apache.http.client.protocol.RequestTargetAuthentication - Target auth state: UNCHALLENGED
DEBUG main org.apache.http.client.protocol.RequestProxyAuthentication - Proxy auth state: UNCHALLENGED
DEBUG main org.apache.http.impl.client.DefaultHttpClient - Attempt 1 to execute request
DEBUG main org.apache.http.impl.conn.DefaultClientConnection - Sending request: POST /landlords HTTP/1.1
DEBUG main org.apache.http.wire -  >> "POST /landlords HTTP/1.1[\r][\n]"
DEBUG main org.apache.http.wire -  >> "Accept: */*[\r][\n]"
DEBUG main org.apache.http.wire -  >> "Content-Type: application/json; charset=ISO-8859-1[\r][\n]"
DEBUG main org.apache.http.wire -  >> "Content-Length: 55[\r][\n]"
DEBUG main org.apache.http.wire -  >> "Host: localhost:8080[\r][\n]"
DEBUG main org.apache.http.wire -  >> "Connection: Keep-Alive[\r][\n]"
DEBUG main org.apache.http.wire -  >> "User-Agent: Apache-HttpClient/4.3.6 (java 1.5)[\r][\n]"
DEBUG main org.apache.http.wire -  >> "Accept-Encoding: gzip,deflate[\r][\n]"
DEBUG main org.apache.http.wire -  >> "[\r][\n]"
DEBUG main org.apache.http.headers - >> POST /landlords HTTP/1.1
DEBUG main org.apache.http.headers - >> Accept: */*
DEBUG main org.apache.http.headers - >> Content-Type: application/json; charset=ISO-8859-1
DEBUG main org.apache.http.headers - >> Content-Length: 55
DEBUG main org.apache.http.headers - >> Host: localhost:8080
DEBUG main org.apache.http.headers - >> Connection: Keep-Alive
DEBUG main org.apache.http.headers - >> User-Agent: Apache-HttpClient/4.3.6 (java 1.5)
DEBUG main org.apache.http.headers - >> Accept-Encoding: gzip,deflate
DEBUG main org.apache.http.wire -  >> "{"firstName":"Sam","lastName":"Peters","trusted":false}"
DEBUG main org.apache.http.wire -  << "HTTP/1.1 201 Created[\r][\n]"
DEBUG main org.apache.http.wire -  << "Server: Apache-Coyote/1.1[\r][\n]"
DEBUG main org.apache.http.wire -  << "Content-Type: application/json;charset=UTF-8[\r][\n]"
DEBUG main org.apache.http.wire -  << "Transfer-Encoding: chunked[\r][\n]"
DEBUG main org.apache.http.wire -  << "Date: Mon, 28 Jan 2019 22:53:07 GMT[\r][\n]"
DEBUG main org.apache.http.wire -  << "[\r][\n]"
DEBUG main org.apache.http.impl.conn.DefaultClientConnection - Receiving response: HTTP/1.1 201 Created
DEBUG main org.apache.http.headers - << HTTP/1.1 201 Created
DEBUG main org.apache.http.headers - << Server: Apache-Coyote/1.1
DEBUG main org.apache.http.headers - << Content-Type: application/json;charset=UTF-8
DEBUG main org.apache.http.headers - << Transfer-Encoding: chunked
DEBUG main org.apache.http.headers - << Date: Mon, 28 Jan 2019 22:53:07 GMT
DEBUG main org.apache.http.impl.client.DefaultHttpClient - Connection can be kept alive indefinitely
DEBUG main com.jayway.restassured.internal.RequestSpecificationImpl$RestAssuredHttpBuilder - Parsing response as: application/json;charset=UTF-8
DEBUG main com.jayway.restassured.internal.RequestSpecificationImpl$RestAssuredHttpBuilder - Parsed data to instance of: class org.apache.http.conn.EofSensorInputStream
DEBUG main org.apache.http.wire -  << "57[\r][\n]"
DEBUG main org.apache.http.wire -  << "{"id":"EJKsb3t8","firstName":"Sam","lastName":"Peters","trusted":false,"apartments":[]}"
DEBUG main org.apache.http.wire -  << "[\r][\n]"
DEBUG main org.apache.http.wire -  << "0[\r][\n]"
DEBUG main org.apache.http.wire -  << "[\r][\n]"
DEBUG main org.apache.http.impl.conn.BasicClientConnectionManager - Releasing connection org.apache.http.impl.conn.ManagedClientConnectionImpl@3efe7086
DEBUG main org.apache.http.impl.conn.BasicClientConnectionManager - Connection can be kept alive indefinitely
DEBUG main org.apache.http.impl.conn.BasicClientConnectionManager - Get connection for route {}->http://localhost:8080
DEBUG main org.apache.http.impl.conn.DefaultClientConnectionOperator - Connecting to localhost:8080
DEBUG main org.apache.http.client.protocol.RequestAddCookies - CookieSpec selected: ignoreCookies
DEBUG main org.apache.http.client.protocol.RequestAuthCache - Auth cache not set in the context
DEBUG main org.apache.http.client.protocol.RequestTargetAuthentication - Target auth state: UNCHALLENGED
DEBUG main org.apache.http.client.protocol.RequestProxyAuthentication - Proxy auth state: UNCHALLENGED
DEBUG main org.apache.http.impl.client.DefaultHttpClient - Attempt 1 to execute request
DEBUG main org.apache.http.impl.conn.DefaultClientConnection - Sending request: POST /landlords HTTP/1.1
DEBUG main org.apache.http.wire -  >> "POST /landlords HTTP/1.1[\r][\n]"
DEBUG main org.apache.http.wire -  >> "Accept: */*[\r][\n]"
DEBUG main org.apache.http.wire -  >> "Content-Type: application/json; charset=ISO-8859-1[\r][\n]"
DEBUG main org.apache.http.wire -  >> "Content-Length: 54[\r][\n]"
DEBUG main org.apache.http.wire -  >> "Host: localhost:8080[\r][\n]"
DEBUG main org.apache.http.wire -  >> "Connection: Keep-Alive[\r][\n]"
DEBUG main org.apache.http.wire -  >> "User-Agent: Apache-HttpClient/4.3.6 (java 1.5)[\r][\n]"
DEBUG main org.apache.http.wire -  >> "Accept-Encoding: gzip,deflate[\r][\n]"
DEBUG main org.apache.http.wire -  >> "[\r][\n]"
DEBUG main org.apache.http.headers - >> POST /landlords HTTP/1.1
DEBUG main org.apache.http.headers - >> Accept: */*
DEBUG main org.apache.http.headers - >> Content-Type: application/json; charset=ISO-8859-1
DEBUG main org.apache.http.headers - >> Content-Length: 54
DEBUG main org.apache.http.headers - >> Host: localhost:8080
DEBUG main org.apache.http.headers - >> Connection: Keep-Alive
DEBUG main org.apache.http.headers - >> User-Agent: Apache-HttpClient/4.3.6 (java 1.5)
DEBUG main org.apache.http.headers - >> Accept-Encoding: gzip,deflate
DEBUG main org.apache.http.wire -  >> "{"firstName":"Alex","lastName":"Fruz","trusted":false}"
DEBUG main org.apache.http.wire -  << "HTTP/1.1 201 Created[\r][\n]"
DEBUG main org.apache.http.wire -  << "Server: Apache-Coyote/1.1[\r][\n]"
DEBUG main org.apache.http.wire -  << "Content-Type: application/json;charset=UTF-8[\r][\n]"
DEBUG main org.apache.http.wire -  << "Transfer-Encoding: chunked[\r][\n]"
DEBUG main org.apache.http.wire -  << "Date: Mon, 28 Jan 2019 22:53:09 GMT[\r][\n]"
DEBUG main org.apache.http.wire -  << "[\r][\n]"
DEBUG main org.apache.http.impl.conn.DefaultClientConnection - Receiving response: HTTP/1.1 201 Created
DEBUG main org.apache.http.headers - << HTTP/1.1 201 Created
DEBUG main org.apache.http.headers - << Server: Apache-Coyote/1.1
DEBUG main org.apache.http.headers - << Content-Type: application/json;charset=UTF-8
DEBUG main org.apache.http.headers - << Transfer-Encoding: chunked
DEBUG main org.apache.http.headers - << Date: Mon, 28 Jan 2019 22:53:09 GMT
DEBUG main org.apache.http.impl.client.DefaultHttpClient - Connection can be kept alive indefinitely
DEBUG main com.jayway.restassured.internal.RequestSpecificationImpl$RestAssuredHttpBuilder - Parsing response as: application/json;charset=UTF-8
DEBUG main com.jayway.restassured.internal.RequestSpecificationImpl$RestAssuredHttpBuilder - Parsed data to instance of: class org.apache.http.conn.EofSensorInputStream
DEBUG main org.apache.http.wire -  << "56[\r][\n]"
DEBUG main org.apache.http.wire -  << "{"id":"NzEYIb06","firstName":"Alex","lastName":"Fruz","trusted":false,"apartments":[]}"
DEBUG main org.apache.http.wire -  << "[\r][\n]"
DEBUG main org.apache.http.wire -  << "0[\r][\n]"
DEBUG main org.apache.http.wire -  << "[\r][\n]"
DEBUG main org.apache.http.impl.conn.BasicClientConnectionManager - Releasing connection org.apache.http.impl.conn.ManagedClientConnectionImpl@3c8bdd5b
DEBUG main org.apache.http.impl.conn.BasicClientConnectionManager - Connection can be kept alive indefinitely
DEBUG main org.apache.http.impl.conn.BasicClientConnectionManager - Get connection for route {}->http://localhost:8080
DEBUG main org.apache.http.impl.conn.DefaultClientConnectionOperator - Connecting to localhost:8080
DEBUG main org.apache.http.client.protocol.RequestAddCookies - CookieSpec selected: ignoreCookies
DEBUG main org.apache.http.client.protocol.RequestAuthCache - Auth cache not set in the context
DEBUG main org.apache.http.client.protocol.RequestTargetAuthentication - Target auth state: UNCHALLENGED
DEBUG main org.apache.http.client.protocol.RequestProxyAuthentication - Proxy auth state: UNCHALLENGED
DEBUG main org.apache.http.impl.client.DefaultHttpClient - Attempt 1 to execute request
DEBUG main org.apache.http.impl.conn.DefaultClientConnection - Sending request: GET /landlords/NzEYIb06 HTTP/1.1
DEBUG main org.apache.http.wire -  >> "GET /landlords/NzEYIb06 HTTP/1.1[\r][\n]"
DEBUG main org.apache.http.wire -  >> "Accept: */*[\r][\n]"
DEBUG main org.apache.http.wire -  >> "Host: localhost:8080[\r][\n]"
DEBUG main org.apache.http.wire -  >> "Connection: Keep-Alive[\r][\n]"
DEBUG main org.apache.http.wire -  >> "User-Agent: Apache-HttpClient/4.3.6 (java 1.5)[\r][\n]"
DEBUG main org.apache.http.wire -  >> "Accept-Encoding: gzip,deflate[\r][\n]"
DEBUG main org.apache.http.wire -  >> "[\r][\n]"
DEBUG main org.apache.http.headers - >> GET /landlords/NzEYIb06 HTTP/1.1
DEBUG main org.apache.http.headers - >> Accept: */*
DEBUG main org.apache.http.headers - >> Host: localhost:8080
DEBUG main org.apache.http.headers - >> Connection: Keep-Alive
DEBUG main org.apache.http.headers - >> User-Agent: Apache-HttpClient/4.3.6 (java 1.5)
DEBUG main org.apache.http.headers - >> Accept-Encoding: gzip,deflate
DEBUG main org.apache.http.wire -  << "HTTP/1.1 200 OK[\r][\n]"
DEBUG main org.apache.http.wire -  << "Server: Apache-Coyote/1.1[\r][\n]"
DEBUG main org.apache.http.wire -  << "Content-Type: application/json;charset=UTF-8[\r][\n]"
DEBUG main org.apache.http.wire -  << "Transfer-Encoding: chunked[\r][\n]"
DEBUG main org.apache.http.wire -  << "Date: Mon, 28 Jan 2019 22:53:09 GMT[\r][\n]"
DEBUG main org.apache.http.wire -  << "[\r][\n]"
DEBUG main org.apache.http.impl.conn.DefaultClientConnection - Receiving response: HTTP/1.1 200 OK
DEBUG main org.apache.http.headers - << HTTP/1.1 200 OK
DEBUG main org.apache.http.headers - << Server: Apache-Coyote/1.1
DEBUG main org.apache.http.headers - << Content-Type: application/json;charset=UTF-8
DEBUG main org.apache.http.headers - << Transfer-Encoding: chunked
DEBUG main org.apache.http.headers - << Date: Mon, 28 Jan 2019 22:53:09 GMT
DEBUG main org.apache.http.impl.client.DefaultHttpClient - Connection can be kept alive indefinitely
DEBUG main com.jayway.restassured.internal.RequestSpecificationImpl$RestAssuredHttpBuilder - Parsing response as: application/json;charset=UTF-8
DEBUG main com.jayway.restassured.internal.RequestSpecificationImpl$RestAssuredHttpBuilder - Parsed data to instance of: class org.apache.http.conn.EofSensorInputStream
DEBUG main org.apache.http.wire -  << "56[\r][\n]"
DEBUG main org.apache.http.wire -  << "{"id":"NzEYIb06","firstName":"Alex","lastName":"Fruz","trusted":false,"apartments":[]}"
DEBUG main org.apache.http.wire -  << "[\r][\n]"
DEBUG main org.apache.http.wire -  << "0[\r][\n]"
DEBUG main org.apache.http.wire -  << "[\r][\n]"
DEBUG main org.apache.http.impl.conn.BasicClientConnectionManager - Releasing connection org.apache.http.impl.conn.ManagedClientConnectionImpl@27a0a5a2
DEBUG main org.apache.http.impl.conn.BasicClientConnectionManager - Connection can be kept alive indefinitely
DEBUG main org.apache.http.impl.conn.BasicClientConnectionManager - Get connection for route {}->http://localhost:8080
DEBUG main org.apache.http.impl.conn.DefaultClientConnectionOperator - Connecting to localhost:8080
DEBUG main org.apache.http.client.protocol.RequestAddCookies - CookieSpec selected: ignoreCookies
DEBUG main org.apache.http.client.protocol.RequestAuthCache - Auth cache not set in the context
DEBUG main org.apache.http.client.protocol.RequestTargetAuthentication - Target auth state: UNCHALLENGED
DEBUG main org.apache.http.client.protocol.RequestProxyAuthentication - Proxy auth state: UNCHALLENGED
DEBUG main org.apache.http.impl.client.DefaultHttpClient - Attempt 1 to execute request
DEBUG main org.apache.http.impl.conn.DefaultClientConnection - Sending request: POST /landlords HTTP/1.1
DEBUG main org.apache.http.wire -  >> "POST /landlords HTTP/1.1[\r][\n]"
DEBUG main org.apache.http.wire -  >> "Accept: */*[\r][\n]"
DEBUG main org.apache.http.wire -  >> "Content-Type: application/json; charset=ISO-8859-1[\r][\n]"
DEBUG main org.apache.http.wire -  >> "Content-Length: 53[\r][\n]"
DEBUG main org.apache.http.wire -  >> "Host: localhost:8080[\r][\n]"
DEBUG main org.apache.http.wire -  >> "Connection: Keep-Alive[\r][\n]"
DEBUG main org.apache.http.wire -  >> "User-Agent: Apache-HttpClient/4.3.6 (java 1.5)[\r][\n]"
DEBUG main org.apache.http.wire -  >> "Accept-Encoding: gzip,deflate[\r][\n]"
DEBUG main org.apache.http.wire -  >> "[\r][\n]"
DEBUG main org.apache.http.headers - >> POST /landlords HTTP/1.1
DEBUG main org.apache.http.headers - >> Accept: */*
DEBUG main org.apache.http.headers - >> Content-Type: application/json; charset=ISO-8859-1
DEBUG main org.apache.http.headers - >> Content-Length: 53
DEBUG main org.apache.http.headers - >> Host: localhost:8080
DEBUG main org.apache.http.headers - >> Connection: Keep-Alive
DEBUG main org.apache.http.headers - >> User-Agent: Apache-HttpClient/4.3.6 (java 1.5)
DEBUG main org.apache.http.headers - >> Accept-Encoding: gzip,deflate
DEBUG main org.apache.http.wire -  >> "{"firstName":"Alex","lastName":"Fruz","trusted":true}"
DEBUG main org.apache.http.wire -  << "HTTP/1.1 201 Created[\r][\n]"
DEBUG main org.apache.http.wire -  << "Server: Apache-Coyote/1.1[\r][\n]"
DEBUG main org.apache.http.wire -  << "Content-Type: application/json;charset=UTF-8[\r][\n]"
DEBUG main org.apache.http.wire -  << "Transfer-Encoding: chunked[\r][\n]"
DEBUG main org.apache.http.wire -  << "Date: Mon, 28 Jan 2019 22:53:09 GMT[\r][\n]"
DEBUG main org.apache.http.wire -  << "[\r][\n]"
DEBUG main org.apache.http.impl.conn.DefaultClientConnection - Receiving response: HTTP/1.1 201 Created
DEBUG main org.apache.http.headers - << HTTP/1.1 201 Created
DEBUG main org.apache.http.headers - << Server: Apache-Coyote/1.1
DEBUG main org.apache.http.headers - << Content-Type: application/json;charset=UTF-8
DEBUG main org.apache.http.headers - << Transfer-Encoding: chunked
DEBUG main org.apache.http.headers - << Date: Mon, 28 Jan 2019 22:53:09 GMT
DEBUG main org.apache.http.impl.client.DefaultHttpClient - Connection can be kept alive indefinitely
DEBUG main com.jayway.restassured.internal.RequestSpecificationImpl$RestAssuredHttpBuilder - Parsing response as: application/json;charset=UTF-8
DEBUG main com.jayway.restassured.internal.RequestSpecificationImpl$RestAssuredHttpBuilder - Parsed data to instance of: class org.apache.http.conn.EofSensorInputStream
DEBUG main org.apache.http.wire -  << "55[\r][\n]"
DEBUG main org.apache.http.wire -  << "{"id":"GbOcpmbF","firstName":"Alex","lastName":"Fruz","trusted":true,"apartments":[]}"
DEBUG main org.apache.http.wire -  << "[\r][\n]"
DEBUG main org.apache.http.wire -  << "0[\r][\n]"
DEBUG main org.apache.http.wire -  << "[\r][\n]"
DEBUG main org.apache.http.impl.conn.BasicClientConnectionManager - Releasing connection org.apache.http.impl.conn.ManagedClientConnectionImpl@3fc08eec
DEBUG main org.apache.http.impl.conn.BasicClientConnectionManager - Connection can be kept alive indefinitely
DEBUG main org.apache.http.impl.conn.BasicClientConnectionManager - Get connection for route {}->http://localhost:8080
DEBUG main org.apache.http.impl.conn.DefaultClientConnectionOperator - Connecting to localhost:8080
DEBUG main org.apache.http.client.protocol.RequestAddCookies - CookieSpec selected: ignoreCookies
DEBUG main org.apache.http.client.protocol.RequestAuthCache - Auth cache not set in the context
DEBUG main org.apache.http.client.protocol.RequestTargetAuthentication - Target auth state: UNCHALLENGED
DEBUG main org.apache.http.client.protocol.RequestProxyAuthentication - Proxy auth state: UNCHALLENGED
DEBUG main org.apache.http.impl.client.DefaultHttpClient - Attempt 1 to execute request
DEBUG main org.apache.http.impl.conn.DefaultClientConnection - Sending request: GET /landlords/GbOcpmbF HTTP/1.1
DEBUG main org.apache.http.wire -  >> "GET /landlords/GbOcpmbF HTTP/1.1[\r][\n]"
DEBUG main org.apache.http.wire -  >> "Accept: */*[\r][\n]"
DEBUG main org.apache.http.wire -  >> "Host: localhost:8080[\r][\n]"
DEBUG main org.apache.http.wire -  >> "Connection: Keep-Alive[\r][\n]"
DEBUG main org.apache.http.wire -  >> "User-Agent: Apache-HttpClient/4.3.6 (java 1.5)[\r][\n]"
DEBUG main org.apache.http.wire -  >> "Accept-Encoding: gzip,deflate[\r][\n]"
DEBUG main org.apache.http.wire -  >> "[\r][\n]"
DEBUG main org.apache.http.headers - >> GET /landlords/GbOcpmbF HTTP/1.1
DEBUG main org.apache.http.headers - >> Accept: */*
DEBUG main org.apache.http.headers - >> Host: localhost:8080
DEBUG main org.apache.http.headers - >> Connection: Keep-Alive
DEBUG main org.apache.http.headers - >> User-Agent: Apache-HttpClient/4.3.6 (java 1.5)
DEBUG main org.apache.http.headers - >> Accept-Encoding: gzip,deflate
DEBUG main org.apache.http.wire -  << "HTTP/1.1 200 OK[\r][\n]"
DEBUG main org.apache.http.wire -  << "Server: Apache-Coyote/1.1[\r][\n]"
DEBUG main org.apache.http.wire -  << "Content-Type: application/json;charset=UTF-8[\r][\n]"
DEBUG main org.apache.http.wire -  << "Transfer-Encoding: chunked[\r][\n]"
DEBUG main org.apache.http.wire -  << "Date: Mon, 28 Jan 2019 22:53:11 GMT[\r][\n]"
DEBUG main org.apache.http.wire -  << "[\r][\n]"
DEBUG main org.apache.http.impl.conn.DefaultClientConnection - Receiving response: HTTP/1.1 200 OK
DEBUG main org.apache.http.headers - << HTTP/1.1 200 OK
DEBUG main org.apache.http.headers - << Server: Apache-Coyote/1.1
DEBUG main org.apache.http.headers - << Content-Type: application/json;charset=UTF-8
DEBUG main org.apache.http.headers - << Transfer-Encoding: chunked
DEBUG main org.apache.http.headers - << Date: Mon, 28 Jan 2019 22:53:11 GMT
DEBUG main org.apache.http.impl.client.DefaultHttpClient - Connection can be kept alive indefinitely
DEBUG main com.jayway.restassured.internal.RequestSpecificationImpl$RestAssuredHttpBuilder - Parsing response as: application/json;charset=UTF-8
DEBUG main com.jayway.restassured.internal.RequestSpecificationImpl$RestAssuredHttpBuilder - Parsed data to instance of: class org.apache.http.conn.EofSensorInputStream
DEBUG main org.apache.http.wire -  << "55[\r][\n]"
DEBUG main org.apache.http.wire -  << "{"id":"GbOcpmbF","firstName":"Alex","lastName":"Fruz","trusted":true,"apartments":[]}"
DEBUG main org.apache.http.wire -  << "[\r][\n]"
DEBUG main org.apache.http.wire -  << "0[\r][\n]"
DEBUG main org.apache.http.wire -  << "[\r][\n]"
DEBUG main org.apache.http.impl.conn.BasicClientConnectionManager - Releasing connection org.apache.http.impl.conn.ManagedClientConnectionImpl@24528a25
DEBUG main org.apache.http.impl.conn.BasicClientConnectionManager - Connection can be kept alive indefinitely
DEBUG main org.apache.http.impl.conn.BasicClientConnectionManager - Get connection for route {}->http://localhost:8080
DEBUG main org.apache.http.impl.conn.DefaultClientConnectionOperator - Connecting to localhost:8080
DEBUG main org.apache.http.client.protocol.RequestAddCookies - CookieSpec selected: ignoreCookies
DEBUG main org.apache.http.client.protocol.RequestAuthCache - Auth cache not set in the context
DEBUG main org.apache.http.client.protocol.RequestTargetAuthentication - Target auth state: UNCHALLENGED
DEBUG main org.apache.http.client.protocol.RequestProxyAuthentication - Proxy auth state: UNCHALLENGED
DEBUG main org.apache.http.impl.client.DefaultHttpClient - Attempt 1 to execute request
DEBUG main org.apache.http.impl.conn.DefaultClientConnection - Sending request: POST /landlords/EJKsb3t8/apartments HTTP/1.1
DEBUG main org.apache.http.wire -  >> "POST /landlords/EJKsb3t8/apartments HTTP/1.1[\r][\n]"
DEBUG main org.apache.http.wire -  >> "Accept: */*[\r][\n]"
DEBUG main org.apache.http.wire -  >> "Content-Type: application/json; charset=ISO-8859-1[\r][\n]"
DEBUG main org.apache.http.wire -  >> "Content-Length: 103[\r][\n]"
DEBUG main org.apache.http.wire -  >> "Host: localhost:8080[\r][\n]"
DEBUG main org.apache.http.wire -  >> "Connection: Keep-Alive[\r][\n]"
DEBUG main org.apache.http.wire -  >> "User-Agent: Apache-HttpClient/4.3.6 (java 1.5)[\r][\n]"
DEBUG main org.apache.http.wire -  >> "Accept-Encoding: gzip,deflate[\r][\n]"
DEBUG main org.apache.http.wire -  >> "[\r][\n]"
DEBUG main org.apache.http.headers - >> POST /landlords/EJKsb3t8/apartments HTTP/1.1
DEBUG main org.apache.http.headers - >> Accept: */*
DEBUG main org.apache.http.headers - >> Content-Type: application/json; charset=ISO-8859-1
DEBUG main org.apache.http.headers - >> Content-Length: 103
DEBUG main org.apache.http.headers - >> Host: localhost:8080
DEBUG main org.apache.http.headers - >> Connection: Keep-Alive
DEBUG main org.apache.http.headers - >> User-Agent: Apache-HttpClient/4.3.6 (java 1.5)
DEBUG main org.apache.http.headers - >> Accept-Encoding: gzip,deflate
DEBUG main org.apache.http.wire -  >> "{"id":null,"address":"New York, Wave str 7","price":80000.0,"square":65,"features":null,"active":false}"
DEBUG main org.apache.http.wire -  << "HTTP/1.1 201 Created[\r][\n]"
DEBUG main org.apache.http.wire -  << "Server: Apache-Coyote/1.1[\r][\n]"
DEBUG main org.apache.http.wire -  << "Content-Type: application/json;charset=UTF-8[\r][\n]"
DEBUG main org.apache.http.wire -  << "Transfer-Encoding: chunked[\r][\n]"
DEBUG main org.apache.http.wire -  << "Date: Mon, 28 Jan 2019 22:53:11 GMT[\r][\n]"
DEBUG main org.apache.http.wire -  << "[\r][\n]"
DEBUG main org.apache.http.impl.conn.DefaultClientConnection - Receiving response: HTTP/1.1 201 Created
DEBUG main org.apache.http.headers - << HTTP/1.1 201 Created
DEBUG main org.apache.http.headers - << Server: Apache-Coyote/1.1
DEBUG main org.apache.http.headers - << Content-Type: application/json;charset=UTF-8
DEBUG main org.apache.http.headers - << Transfer-Encoding: chunked
DEBUG main org.apache.http.headers - << Date: Mon, 28 Jan 2019 22:53:11 GMT
DEBUG main org.apache.http.impl.client.DefaultHttpClient - Connection can be kept alive indefinitely
DEBUG main com.jayway.restassured.internal.RequestSpecificationImpl$RestAssuredHttpBuilder - Parsing response as: application/json;charset=UTF-8
DEBUG main com.jayway.restassured.internal.RequestSpecificationImpl$RestAssuredHttpBuilder - Parsed data to instance of: class org.apache.http.conn.EofSensorInputStream
DEBUG main org.apache.http.wire -  << "6b[\r][\n]"
DEBUG main org.apache.http.wire -  << "{"id":"xrKTqH2K","address":"New York, Wave str 7","price":80000.0,"square":65,"features":[],"active":false}"
DEBUG main org.apache.http.wire -  << "[\r][\n]"
DEBUG main org.apache.http.wire -  << "0[\r][\n]"
DEBUG main org.apache.http.wire -  << "[\r][\n]"
DEBUG main org.apache.http.impl.conn.BasicClientConnectionManager - Releasing connection org.apache.http.impl.conn.ManagedClientConnectionImpl@199e4c2b
DEBUG main org.apache.http.impl.conn.BasicClientConnectionManager - Connection can be kept alive indefinitely
DEBUG main freemarker.cache - Couldn't find template in cache for "Extent.ftl"("en_CA", UTF-8, parsed); will try to load it.
DEBUG main freemarker.cache - TemplateLoader.findTemplateSource("Extent_en_CA.ftl"): Not found
DEBUG main freemarker.cache - TemplateLoader.findTemplateSource("Extent_en.ftl"): Not found
DEBUG main freemarker.cache - TemplateLoader.findTemplateSource("Extent.ftl"): Found
DEBUG main freemarker.cache - Loading template for "Extent.ftl"("en_CA", UTF-8, parsed) from "jar:file:/C:/Users/nicolaslopez82/.m2/repository/com/relevantcodes/extentreports/2.40.2/extentreports-2.40.2.jar!/com/relevantcodes/extentreports/view/Extent.ftl"
INFO main celltrak.challenge.test.BaseTest - Before suite method
INFO main celltrak.challenge.test.BaseTest - Before suite method
INFO main celltrak.challenge.test.BaseTest - Before suite method
INFO main celltrak.challenge.test.BaseTest - Before suite method
INFO main celltrak.challenge.test.BaseTest - Before suite method
INFO main celltrak.challenge.test.BaseTest - Before suite method
INFO main celltrak.challenge.test.BaseTest - Before suite method
INFO main celltrak.challenge.test.BaseTest - Before suite method
INFO main celltrak.challenge.test.BaseTest - Before suite method
INFO main celltrak.challenge.test.BaseTest - Before suite method
INFO main celltrak.challenge.test.BaseTest - Before suite method
INFO main celltrak.challenge.test.BaseTest - Before suite method
INFO main celltrak.challenge.test.BaseTest - Before suite method
INFO main celltrak.challenge.test.BaseTest - Before suite method
INFO main celltrak.challenge.test.BaseTest - Before suite method
INFO main celltrak.challenge.test.BaseTest - Before suite method
INFO main celltrak.challenge.test.BaseTest - Before suite method
INFO main celltrak.challenge.test.BaseTest - Before suite method
INFO main celltrak.challenge.test.BaseTest - Before suite method
INFO main celltrak.challenge.test.BaseTest - Before suite method
INFO main celltrak.challenge.test.BaseTest - Before suite method
INFO main celltrak.challenge.test.BaseTest - Before suite method
INFO main celltrak.challenge.test.BaseTest - Before suite method
INFO main celltrak.challenge.test.BaseTest - Before suite method
INFO main celltrak.challenge.test.BaseTest - Before suite method
INFO main celltrak.challenge.test.BaseTest - Before suite method
INFO main celltrak.challenge.test.BaseTest - Before suite method
INFO main celltrak.challenge.test.BaseTest - Before suite method
INFO main celltrak.challenge.test.BaseTest - Before suite method
INFO main celltrak.challenge.test.BaseTest - Before suite method
INFO main celltrak.challenge.test.BaseTest - Before suite method
INFO main celltrak.challenge.test.BaseTest - Before suite method
INFO main celltrak.challenge.test.BaseTest - Before suite method
INFO main celltrak.challenge.test.BaseTest - Before suite method
INFO main celltrak.challenge.test.BaseTest - Before suite method
INFO main celltrak.challenge.test.BaseTest - Before suite method
INFO main celltrak.challenge.test.BaseTest - Before suite method
INFO main celltrak.challenge.test.BaseTest - Before suite method
INFO main celltrak.challenge.test.BaseTest - Before suite method
INFO main celltrak.challenge.test.BaseTest - Before suite method
INFO main celltrak.challenge.test.BaseTest - Before suite method
INFO main celltrak.challenge.test.BaseTest - Before suite method
INFO main celltrak.challenge.test.BaseTest - Before suite method
INFO main celltrak.challenge.test.BaseTest - Before suite method
INFO main celltrak.challenge.test.BaseTest - Before suite method
INFO main celltrak.challenge.test.BaseTest - Before suite method
INFO main celltrak.challenge.test.BaseTest - Before suite method
INFO main celltrak.challenge.test.BaseTest - Before suite method
INFO main celltrak.challenge.test.BaseTest - Before suite method
INFO main celltrak.challenge.test.BaseTest - Before suite method
INFO main celltrak.challenge.test.BaseTest - Before suite method
INFO main celltrak.challenge.test.BaseTest - Before suite method
INFO main celltrak.challenge.test.BaseTest - Before suite method
INFO main celltrak.challenge.test.BaseTest - Before suite method
INFO main celltrak.challenge.test.BaseTest - Before suite method
INFO main celltrak.challenge.test.BaseTest - Before suite method
INFO main celltrak.challenge.test.BaseTest - Before suite method
INFO main celltrak.challenge.test.BaseTest - Before suite method
INFO main celltrak.challenge.test.BaseTest - Before suite method
INFO main celltrak.challenge.test.BaseTest - Before suite method
INFO main celltrak.challenge.test.BaseTest - Before suite method
INFO main celltrak.challenge.test.BaseTest - Before suite method
INFO main celltrak.challenge.test.BaseTest - Before suite method
INFO main celltrak.challenge.test.BaseTest - Before suite method
INFO main celltrak.challenge.test.BaseTest - Before suite method
INFO main celltrak.challenge.test.BaseTest - Before suite method
INFO main celltrak.challenge.test.BaseTest - Before suite method
INFO main celltrak.challenge.test.BaseTest - Before suite method
INFO main celltrak.challenge.test.BaseTest - Before suite method
INFO main celltrak.challenge.test.BaseTest - Before suite method
INFO main celltrak.challenge.test.BaseTest - Before suite method
INFO main celltrak.challenge.test.BaseTest - Before suite method
INFO main celltrak.challenge.test.BaseTest - Before suite method
INFO main celltrak.challenge.test.BaseTest - Before suite method
INFO main celltrak.challenge.test.BaseTest - Before suite method
INFO main celltrak.challenge.test.BaseTest - Before suite method
INFO main celltrak.challenge.test.BaseTest - Before suite method
INFO main celltrak.challenge.test.BaseTest - Before suite method
INFO main celltrak.challenge.test.BaseTest - Before suite method
INFO main celltrak.challenge.test.BaseTest - Before suite method
INFO main celltrak.challenge.test.BaseTest - Before suite method
INFO main celltrak.challenge.test.BaseTest - Before suite method
INFO main celltrak.challenge.test.BaseTest - Before suite method
INFO main celltrak.challenge.test.BaseTest - Before suite method
INFO main celltrak.challenge.test.BaseTest - Before suite method
INFO main celltrak.challenge.test.BaseTest - Before suite method
INFO main celltrak.challenge.test.BaseTest - Before suite method
INFO main celltrak.challenge.test.BaseTest - Before suite method
INFO main celltrak.challenge.test.BaseTest - Before suite method
INFO main celltrak.challenge.test.BaseTest - Before suite method
INFO main celltrak.challenge.test.BaseTest - Before suite method
INFO main celltrak.challenge.test.BaseTest - Before suite method
INFO main celltrak.challenge.test.BaseTest - Before suite method
INFO main celltrak.challenge.test.BaseTest - Before suite method
INFO main celltrak.challenge.test.BaseTest - Before suite method
INFO main celltrak.challenge.test.BaseTest - Before suite method
INFO main celltrak.challenge.test.BaseTest - Before suite method
INFO main celltrak.challenge.test.BaseTest - Before suite method
INFO main celltrak.challenge.test.BaseTest - Before suite method
INFO main celltrak.challenge.test.BaseTest - Before suite method
INFO main celltrak.challenge.test.BaseTest - Before suite method
INFO main celltrak.challenge.test.BaseTest - Before suite method
INFO main celltrak.challenge.test.BaseTest - Before suite method
INFO main celltrak.challenge.test.BaseTest - Before suite method
INFO main celltrak.challenge.test.BaseTest - Before suite method
INFO main celltrak.challenge.test.BaseTest - Before suite method
INFO main celltrak.challenge.test.BaseTest - Before suite method
INFO main celltrak.challenge.test.BaseTest - Before suite method
INFO main celltrak.challenge.test.BaseTest - Before suite method
INFO main celltrak.challenge.test.BaseTest - Before suite method
INFO main celltrak.challenge.test.BaseTest - Before suite method
INFO main celltrak.challenge.test.BaseTest - Before suite method
INFO main celltrak.challenge.test.BaseTest - Before suite method
INFO main celltrak.challenge.test.BaseTest - Before suite method
INFO main celltrak.challenge.test.BaseTest - Before suite method
INFO main celltrak.challenge.test.BaseTest - Before suite method
INFO main celltrak.challenge.test.BaseTest - Before suite method
INFO main celltrak.challenge.test.BaseTest - Before suite method
INFO main celltrak.challenge.test.BaseTest - Before suite method
INFO main celltrak.challenge.test.BaseTest - Before suite method
INFO main celltrak.challenge.test.BaseTest - Before suite method
INFO main celltrak.challenge.test.BaseTest - Before suite method
INFO main celltrak.challenge.test.BaseTest - Before suite method
INFO main celltrak.challenge.test.BaseTest - Before suite method
INFO main celltrak.challenge.test.BaseTest - Before suite method
INFO main celltrak.challenge.test.BaseTest - Before suite method
INFO main celltrak.challenge.test.BaseTest - Before suite method
INFO main celltrak.challenge.test.BaseTest - Before suite method
INFO main celltrak.challenge.test.BaseTest - Before suite method
INFO main celltrak.challenge.test.BaseTest - Before suite method
INFO main celltrak.challenge.test.BaseTest - Before suite method
INFO main celltrak.challenge.test.BaseTest - Before suite method
INFO main celltrak.challenge.test.BaseTest - Before suite method
INFO main celltrak.challenge.test.BaseTest - Before suite method
INFO main celltrak.challenge.test.BaseTest - Before suite method
INFO main celltrak.challenge.test.BaseTest - Before suite method
INFO main celltrak.challenge.test.BaseTest - Before suite method
INFO main celltrak.challenge.test.BaseTest - Before suite method
INFO main celltrak.challenge.test.BaseTest - Before suite method
INFO main celltrak.challenge.test.BaseTest - Before suite method
INFO main celltrak.challenge.test.BaseTest - Before suite method
INFO main celltrak.challenge.test.BaseTest - Before suite method
INFO main celltrak.challenge.test.BaseTest - Before suite method
INFO main celltrak.challenge.test.BaseTest - Before suite method
INFO main celltrak.challenge.test.BaseTest - Before suite method
INFO main celltrak.challenge.test.BaseTest - Before suite method
INFO main celltrak.challenge.test.BaseTest - Before suite method
INFO main celltrak.challenge.test.BaseTest - Before suite method
INFO main celltrak.challenge.test.BaseTest - Before suite method
INFO main celltrak.challenge.test.BaseTest - Before suite method
INFO main celltrak.challenge.test.BaseTest - Before suite method
INFO main celltrak.challenge.test.BaseTest - Before suite method
INFO main celltrak.challenge.test.BaseTest - Before suite method
